SF:lib\pages\common_widgets\sort_posts_widget.dart
DA:6,1
DA:11,1
DA:17,1
DA:18,1
DA:22,1
DA:23,7
DA:24,1
DA:25,5
DA:28,1
DA:29,7
DA:30,1
DA:31,5
DA:34,1
DA:35,9
DA:36,1
DA:37,5
DA:40,1
DA:41,7
DA:42,1
DA:43,5
DA:46,1
DA:47,8
DA:48,5
DA:49,1
DA:50,5
DA:53,1
DA:54,7
DA:55,1
DA:56,5
DA:59,1
DA:60,7
DA:61,1
DA:62,5
DA:68,1
DA:70,1
DA:71,1
DA:73,1
DA:81,4
DA:82,1
DA:83,1
DA:84,1
DA:85,2
DA:89,1
DA:91,1
DA:92,1
DA:113,3
DA:125,1
DA:126,1
DA:127,1
DA:128,1
DA:129,1
DA:130,1
DA:131,1
DA:132,1
DA:133,1
DA:134,1
DA:135,1
DA:136,1
DA:137,1
DA:138,1
DA:139,1
LF:61
LH:61
end_of_record
SF:lib\auth_pages\verify_email.dart
DA:8,5
DA:10,2
DA:11,2
DA:22,1
DA:23,3
DA:25,2
DA:26,2
DA:27,0
DA:29,1
DA:30,1
DA:31,1
DA:32,1
DA:35,1
DA:36,1
DA:37,1
DA:38,1
DA:45,2
DA:46,1
DA:51,2
DA:53,2
DA:54,6
DA:55,0
DA:56,4
DA:57,2
DA:58,2
DA:59,2
DA:67,2
DA:69,10
DA:71,8
DA:72,2
DA:73,6
DA:75,2
DA:77,2
DA:85,2
DA:86,2
DA:94,2
DA:95,2
DA:96,2
DA:97,1
DA:98,2
DA:99,1
DA:101,1
DA:102,3
DA:103,1
DA:105,1
DA:106,1
DA:109,1
DA:110,1
DA:111,1
DA:112,1
DA:119,1
DA:122,2
DA:127,2
DA:129,2
DA:130,2
DA:131,1
DA:132,3
LF:57
LH:55
end_of_record
SF:lib\auth_pages\login_page.dart
DA:8,9
DA:10,2
DA:11,2
DA:21,2
DA:23,1
DA:24,5
DA:26,2
DA:27,2
DA:28,0
DA:30,1
DA:32,1
DA:33,1
DA:35,2
DA:36,1
DA:37,1
DA:38,1
DA:39,2
DA:47,2
DA:48,1
DA:53,2
DA:54,6
DA:55,0
DA:56,4
DA:57,2
DA:58,2
DA:70,2
DA:72,2
DA:73,8
DA:76,8
DA:77,2
DA:78,6
DA:84,2
DA:86,2
DA:88,2
DA:99,2
DA:101,2
DA:109,2
DA:111,2
DA:112,2
DA:113,2
DA:115,2
DA:116,0
DA:117,0
DA:118,0
DA:121,2
DA:125,2
DA:127,2
DA:128,1
DA:129,3
DA:134,2
DA:135,2
DA:136,2
DA:139,1
DA:140,2
DA:141,1
DA:143,1
DA:145,2
DA:150,2
DA:152,2
DA:154,2
DA:155,1
DA:156,1
DA:158,1
DA:159,1
LF:64
LH:59
end_of_record
SF:lib\auth_pages\signup_page.dart
DA:7,9
DA:9,2
DA:10,2
DA:23,1
DA:25,9
DA:27,2
DA:28,2
DA:29,1
DA:30,1
DA:31,1
DA:32,1
DA:34,2
DA:35,1
DA:36,1
DA:37,0
DA:38,0
DA:45,0
DA:46,0
DA:47,0
DA:48,0
DA:50,0
DA:51,0
DA:52,0
DA:53,0
DA:54,0
DA:62,2
DA:63,1
DA:68,2
DA:70,2
DA:71,6
DA:72,0
DA:73,4
DA:74,2
DA:75,2
DA:80,2
DA:82,10
DA:84,8
DA:85,2
DA:86,6
DA:88,2
DA:90,2
DA:92,2
DA:96,2
DA:98,2
DA:106,2
DA:108,2
DA:116,2
DA:118,2
DA:126,2
DA:128,2
DA:129,2
DA:130,2
DA:132,2
DA:133,0
DA:134,0
DA:135,0
DA:138,2
DA:144,2
DA:146,2
DA:147,2
DA:148,2
DA:150,2
DA:151,0
DA:152,0
DA:153,0
DA:156,2
DA:163,2
DA:164,2
DA:165,2
DA:168,1
DA:169,2
DA:170,1
DA:172,1
DA:174,2
DA:179,2
DA:181,2
DA:183,2
DA:184,0
DA:185,0
DA:187,0
DA:203,1
DA:204,1
DA:205,1
DA:206,1
DA:207,15
DA:208,1
DA:209,3
DA:210,1
DA:211,3
DA:212,1
DA:214,3
DA:215,1
DA:217,5
DA:218,1
DA:220,1
DA:224,1
DA:225,1
DA:227,1
DA:228,1
DA:230,1
LF:100
LH:79
end_of_record
SF:lib\util\cognito\auth_util.dart
DA:13,12
DA:15,1
DA:16,2
DA:17,1
DA:23,1
DA:26,0
DA:27,0
DA:28,0
DA:30,0
DA:32,0
DA:34,1
DA:35,0
DA:36,0
DA:37,1
DA:38,0
DA:39,0
DA:40,1
DA:41,2
DA:42,2
DA:43,0
DA:44,0
DA:46,1
DA:49,0
DA:50,0
DA:54,1
DA:60,1
DA:61,1
DA:62,1
DA:66,2
DA:71,1
DA:72,2
DA:73,2
DA:74,0
DA:78,0
DA:79,0
DA:81,2
DA:83,1
DA:86,2
DA:87,4
DA:89,2
DA:90,2
DA:91,4
DA:92,2
DA:94,0
DA:95,0
DA:97,0
DA:100,1
DA:101,2
DA:104,1
DA:105,1
DA:106,2
DA:107,1
DA:109,0
DA:110,0
DA:112,0
DA:113,0
DA:116,0
DA:117,0
DA:120,0
DA:121,0
DA:122,0
DA:123,0
DA:125,0
DA:127,0
DA:129,0
DA:131,0
DA:133,0
DA:134,0
DA:136,0
DA:140,0
DA:141,0
DA:142,0
DA:148,0
DA:149,0
DA:150,0
DA:151,0
DA:157,0
DA:158,0
DA:159,0
DA:160,0
LF:80
LH:33
end_of_record
SF:lib\constants\themeSettings.dart
DA:9,16
DA:11,12
DA:13,4
DA:16,0
DA:18,0
DA:21,0
DA:22,0
DA:25,0
DA:26,0
DA:27,0
DA:34,0
DA:35,0
DA:37,0
DA:38,0
DA:39,0
DA:41,0
DA:42,0
DA:43,0
DA:44,0
DA:45,0
DA:46,0
DA:47,0
DA:55,0
DA:56,0
DA:57,0
DA:58,0
DA:61,0
DA:62,0
DA:63,0
DA:64,0
LF:30
LH:3
end_of_record
SF:lib\auth_pages\reset_password_code.dart
DA:9,1
DA:11,1
DA:12,1
DA:22,1
DA:23,3
DA:25,2
DA:26,1
DA:27,0
DA:28,0
DA:29,0
DA:30,0
DA:34,0
DA:35,0
DA:36,0
DA:37,0
DA:44,1
DA:45,1
DA:46,1
DA:47,1
DA:50,1
DA:51,1
DA:52,1
DA:53,1
DA:60,2
DA:61,1
DA:66,1
DA:68,7
DA:70,2
DA:71,2
DA:72,0
DA:73,0
DA:74,0
DA:75,0
DA:78,0
DA:79,0
DA:80,0
DA:81,0
DA:87,0
DA:89,1
DA:90,1
DA:91,1
DA:92,1
DA:96,1
DA:97,1
DA:98,1
DA:99,1
DA:109,1
DA:111,1
DA:112,3
DA:113,0
DA:114,2
DA:115,1
DA:116,1
DA:117,1
DA:125,1
DA:127,1
DA:128,4
DA:131,4
DA:132,1
DA:133,3
DA:135,1
DA:136,1
DA:138,1
DA:146,1
DA:148,1
DA:153,1
DA:155,1
DA:156,1
DA:157,1
DA:159,1
DA:160,0
DA:161,0
DA:162,0
DA:165,1
DA:171,1
DA:173,1
DA:174,1
DA:175,1
DA:177,1
DA:178,0
DA:179,0
DA:180,0
DA:183,1
DA:189,1
DA:190,1
DA:191,1
DA:192,1
DA:193,2
DA:194,1
DA:196,1
DA:197,9
DA:198,1
DA:200,1
DA:201,1
DA:204,1
DA:205,1
DA:206,1
DA:207,1
DA:213,3
DA:214,1
DA:216,1
DA:217,1
DA:221,1
DA:222,1
DA:223,0
DA:224,0
DA:230,5
DA:231,1
DA:233,1
DA:234,1
DA:237,1
DA:238,1
DA:239,1
DA:240,1
DA:247,1
DA:250,1
DA:255,1
DA:257,1
DA:258,1
DA:260,1
DA:261,1
DA:265,1
DA:267,0
DA:268,0
LF:124
LH:96
end_of_record
SF:lib\util\cognito\user.dart
DA:13,0
DA:22,0
DA:23,0
DA:24,0
DA:25,0
DA:26,0
DA:27,0
DA:28,0
DA:29,0
DA:33,0
DA:34,0
DA:35,0
DA:36,0
DA:37,0
DA:38,0
DA:39,0
DA:42,0
DA:44,0
LF:18
LH:0
end_of_record
SF:lib\util\cognito\user_preferences.dart
DA:8,0
DA:9,0
DA:11,0
DA:12,0
DA:13,0
DA:14,0
DA:15,0
DA:16,0
DA:19,0
DA:20,0
DA:21,0
DA:22,0
DA:23,0
DA:24,0
DA:25,0
DA:26,0
DA:29,0
DA:38,0
DA:39,0
DA:40,0
DA:45,0
DA:46,0
DA:48,0
DA:49,0
DA:50,0
DA:51,0
DA:52,0
DA:53,0
DA:56,0
DA:57,0
DA:59,0
DA:64,0
DA:65,0
DA:67,0
DA:70,0
DA:71,0
DA:73,0
DA:76,0
DA:77,0
DA:78,0
DA:79,0
DA:80,0
DA:85,0
DA:89,0
DA:90,0
DA:92,0
LF:46
LH:0
end_of_record
